[2017-09-14 17:53:55] [    INFO] [scanlogger      ] --- 
[2017-09-14 17:53:55] [    INFO] [scanlogger      ] --- Start to log-record in 'C:\Users\miho0\Desktop\ST\FoxVc\FoxVc Ver 1.2.6\log\20170914_Scan.log'
[2017-09-14 17:55:44] [    INFO] [scanlogger      ] --- 
[2017-09-14 17:55:44] [    INFO] [scanlogger      ] --- Start to log-record in 'C:\Users\miho0\Desktop\ST\FoxVc\FoxVc Ver 1.2.6\log\20170914_Scan.log'
[2017-09-14 17:56:26] [    INFO] [scanlogger      ] --- 
[2017-09-14 17:56:26] [    INFO] [scanlogger      ] --- Start to log-record in 'C:\Users\miho0\Desktop\ST\FoxVc\FoxVc Ver 1.2.6\log\20170914_Scan.log'
[2017-09-14 17:56:44] [    INFO] [scanlogger      ] --- 
[2017-09-14 17:56:44] [    INFO] [scanlogger      ] --- Start to log-record in 'C:\Users\miho0\Desktop\ST\FoxVc\FoxVc Ver 1.2.6\log\20170914_Scan.log'
[2017-09-14 17:56:47] [    INFO] [foxvc ver 1.2.6 ] --- [+] Ready for Scan Drive : E:\
[2017-09-14 17:56:48] [    INFO] [foxvc ver 1.2.6 ] --- [+] Cannot detect Virus !
[2017-09-14 17:56:48] [    INFO] [foxvc ver 1.2.6 ] --- 		[-] This file is not Virus : 'E:\\Eicar.txt'
[2017-09-14 17:56:48] [    INFO] [foxvc ver 1.2.6 ] --- 		[-] This file is not Virus : 'E:\$RECYCLE.BIN\S-1-5-21-4245446521-2482851566-4148946790-1001\$IV8IY0O'
[2017-09-14 17:56:48] [    INFO] [foxvc ver 1.2.6 ] --- 		[-] This file is not Virus : 'E:\$RECYCLE.BIN\S-1-5-21-4245446521-2482851566-4148946790-1001\desktop.ini'
[2017-09-14 17:56:48] [    INFO] [foxvc ver 1.2.6 ] --- 		[-] This file is not Virus : 'E:\$RECYCLE.BIN\S-1-5-21-4245446521-2482851566-4148946790-1001\$RV8IY0O\2018학년도수시지원_희망_대학및학과조사(3-12반27번이준성).pdf'
[2017-09-14 17:56:48] [    INFO] [foxvc ver 1.2.6 ] --- 		[-] This file is not Virus : 'E:\$RECYCLE.BIN\S-1-5-21-4245446521-2482851566-4148946790-1001\$RV8IY0O\KG 수시모집 자기소개서 사전 Worksheet1.docx'
[2017-09-14 17:56:48] [    INFO] [foxvc ver 1.2.6 ] --- 		[-] This file is not Virus : 'E:\$RECYCLE.BIN\S-1-5-21-4245446521-2482851566-4148946790-1001\$RV8IY0O\KG 수시모집 자기소개서 사전 Worksheet1.odt'
[2017-09-14 17:56:48] [    INFO] [foxvc ver 1.2.6 ] --- 		[-] This file is not Virus : 'E:\$RECYCLE.BIN\S-1-5-21-4245446521-2482851566-4148946790-1001\$RV8IY0O\대교협.zip'
[2017-09-14 17:56:48] [    INFO] [foxvc ver 1.2.6 ] --- 		[-] This file is not Virus : 'E:\$RECYCLE.BIN\S-1-5-21-4245446521-2482851566-4148946790-1001\$RV8IY0O\새 텍스트 문서 (2).txt'
[2017-09-14 17:56:48] [    INFO] [foxvc ver 1.2.6 ] --- 		[-] This file is not Virus : 'E:\$RECYCLE.BIN\S-1-5-21-4245446521-2482851566-4148946790-1001\$RV8IY0O\중산고 특기자 전형 (이준성) 대교협1~4번 양식.zip'
[2017-09-14 17:56:48] [    INFO] [foxvc ver 1.2.6 ] --- 		[-] This file is not Virus : 'E:\$RECYCLE.BIN\S-1-5-21-4245446521-2482851566-4148946790-1001\$RV8IY0O\한양대.zip'
[2017-09-14 17:56:48] [    INFO] [foxvc ver 1.2.6 ] --- 		[-] This file is not Virus : 'E:\$RECYCLE.BIN\S-1-5-21-4245446521-2482851566-4148946790-1001\$RV8IY0O\가천대\2018_susi.pdf'
[2017-09-14 17:56:48] [    INFO] [foxvc ver 1.2.6 ] --- 		[-] This file is not Virus : 'E:\$RECYCLE.BIN\S-1-5-21-4245446521-2482851566-4148946790-1001\$RV8IY0O\가천대\2018학년도+가천대학교+학생부종합전형+자기소개서+양식.hwp'
[2017-09-14 17:56:48] [    INFO] [foxvc ver 1.2.6 ] --- 		[-] This file is not Virus : 'E:\$RECYCLE.BIN\S-1-5-21-4245446521-2482851566-4148946790-1001\$RV8IY0O\대교협\대교협 자소서 1번 양식(수정).odt'
[2017-09-14 17:56:48] [    INFO] [foxvc ver 1.2.6 ] --- 		[-] This file is not Virus : 'E:\$RECYCLE.BIN\S-1-5-21-4245446521-2482851566-4148946790-1001\$RV8IY0O\대교협\대교협 자소서 1번 양식.odt'
[2017-09-14 17:56:48] [    INFO] [foxvc ver 1.2.6 ] --- 		[-] This file is not Virus : 'E:\$RECYCLE.BIN\S-1-5-21-4245446521-2482851566-4148946790-1001\$RV8IY0O\대교협\대교협 자소서 2-1번 양식.odt'
[2017-09-14 17:56:48] [    INFO] [foxvc ver 1.2.6 ] --- 		[-] This file is not Virus : 'E:\$RECYCLE.BIN\S-1-5-21-4245446521-2482851566-4148946790-1001\$RV8IY0O\대교협\대교협 자소서 2-2번 양식.odt'
[2017-09-14 17:56:48] [    INFO] [foxvc ver 1.2.6 ] --- 		[-] This file is not Virus : 'E:\$RECYCLE.BIN\S-1-5-21-4245446521-2482851566-4148946790-1001\$RV8IY0O\대교협\대교협 자소서 3번 양식(수정).odt'
[2017-09-14 17:56:48] [    INFO] [foxvc ver 1.2.6 ] --- 		[-] This file is not Virus : 'E:\$RECYCLE.BIN\S-1-5-21-4245446521-2482851566-4148946790-1001\$RV8IY0O\대교협\대교협 자소서 3번 양식.odt'
[2017-09-14 17:56:48] [    INFO] [foxvc ver 1.2.6 ] --- 		[-] This file is not Virus : 'E:\$RECYCLE.BIN\S-1-5-21-4245446521-2482851566-4148946790-1001\$RV8IY0O\대교협\대교협 자소서 자율양식(서강대).odt'
[2017-09-14 17:56:48] [    INFO] [foxvc ver 1.2.6 ] --- 		[-] This file is not Virus : 'E:\$RECYCLE.BIN\S-1-5-21-4245446521-2482851566-4148946790-1001\$RV8IY0O\대교협\대교협 자소서 자율양식-수정 전(성균관대).odt'
[2017-09-14 17:56:48] [    INFO] [foxvc ver 1.2.6 ] --- 		[-] This file is not Virus : 'E:\$RECYCLE.BIN\S-1-5-21-4245446521-2482851566-4148946790-1001\$RV8IY0O\대교협\대교협 자소서 자율양식-수정(서강대).odt'
[2017-09-14 17:56:48] [    INFO] [foxvc ver 1.2.6 ] --- 		[-] This file is not Virus : 'E:\$RECYCLE.BIN\S-1-5-21-4245446521-2482851566-4148946790-1001\$RV8IY0O\대교협\대교협 자소서 자율양식-수정(성균관대).odt'
[2017-09-14 17:56:48] [    INFO] [foxvc ver 1.2.6 ] --- 		[-] This file is not Virus : 'E:\$RECYCLE.BIN\S-1-5-21-4245446521-2482851566-4148946790-1001\$RV8IY0O\대교협 최종\.~lock.대교협 자소서 4번 - 진로.odt#'
[2017-09-14 17:56:48] [    INFO] [foxvc ver 1.2.6 ] --- 		[-] This file is not Virus : 'E:\$RECYCLE.BIN\S-1-5-21-4245446521-2482851566-4148946790-1001\$RV8IY0O\대교협 최종\대교협 자소서 1번.odt'
[2017-09-14 17:56:48] [    INFO] [foxvc ver 1.2.6 ] --- 		[-] This file is not Virus : 'E:\$RECYCLE.BIN\S-1-5-21-4245446521-2482851566-4148946790-1001\$RV8IY0O\대교협 최종\대교협 자소서 2번.odt'
[2017-09-14 17:56:48] [    INFO] [foxvc ver 1.2.6 ] --- 		[-] This file is not Virus : 'E:\$RECYCLE.BIN\S-1-5-21-4245446521-2482851566-4148946790-1001\$RV8IY0O\대교협 최종\대교협 자소서 3번.odt'
[2017-09-14 17:56:48] [    INFO] [foxvc ver 1.2.6 ] --- 		[-] This file is not Virus : 'E:\$RECYCLE.BIN\S-1-5-21-4245446521-2482851566-4148946790-1001\$RV8IY0O\대교협 최종\대교협 자소서 4번 - 경험.odt'
[2017-09-14 17:56:48] [    INFO] [foxvc ver 1.2.6 ] --- 		[-] This file is not Virus : 'E:\$RECYCLE.BIN\S-1-5-21-4245446521-2482851566-4148946790-1001\$RV8IY0O\대교협 최종\대교협 자소서 4번 - 진로.odt'
[2017-09-14 17:56:48] [    INFO] [foxvc ver 1.2.6 ] --- 		[-] This file is not Virus : 'E:\$RECYCLE.BIN\S-1-5-21-4245446521-2482851566-4148946790-1001\$RV8IY0O\생활기록부\01.jpg'
[2017-09-14 17:56:48] [    INFO] [foxvc ver 1.2.6 ] --- 		[-] This file is not Virus : 'E:\$RECYCLE.BIN\S-1-5-21-4245446521-2482851566-4148946790-1001\$RV8IY0O\생활기록부\02.jpg'
[2017-09-14 17:56:48] [    INFO] [foxvc ver 1.2.6 ] --- 		[-] This file is not Virus : 'E:\$RECYCLE.BIN\S-1-5-21-4245446521-2482851566-4148946790-1001\$RV8IY0O\생활기록부\03.jpg'
[2017-09-14 17:56:48] [    INFO] [foxvc ver 1.2.6 ] --- 		[-] This file is not Virus : 'E:\$RECYCLE.BIN\S-1-5-21-4245446521-2482851566-4148946790-1001\$RV8IY0O\생활기록부\04jpg.jpg'
[2017-09-14 17:56:48] [    INFO] [foxvc ver 1.2.6 ] --- 		[-] This file is not Virus : 'E:\$RECYCLE.BIN\S-1-5-21-4245446521-2482851566-4148946790-1001\$RV8IY0O\생활기록부\05.jpg'
[2017-09-14 17:56:48] [    INFO] [foxvc ver 1.2.6 ] --- 		[-] This file is not Virus : 'E:\$RECYCLE.BIN\S-1-5-21-4245446521-2482851566-4148946790-1001\$RV8IY0O\생활기록부\06.jpg'
[2017-09-14 17:56:48] [    INFO] [foxvc ver 1.2.6 ] --- 		[-] This file is not Virus : 'E:\$RECYCLE.BIN\S-1-5-21-4245446521-2482851566-4148946790-1001\$RV8IY0O\생활기록부\07.jpg'
[2017-09-14 17:56:48] [    INFO] [foxvc ver 1.2.6 ] --- 		[-] This file is not Virus : 'E:\$RECYCLE.BIN\S-1-5-21-4245446521-2482851566-4148946790-1001\$RV8IY0O\생활기록부\08.jpg'
[2017-09-14 17:56:48] [    INFO] [foxvc ver 1.2.6 ] --- 		[-] This file is not Virus : 'E:\$RECYCLE.BIN\S-1-5-21-4245446521-2482851566-4148946790-1001\$RV8IY0O\생활기록부\09.jpg'
[2017-09-14 17:56:48] [    INFO] [foxvc ver 1.2.6 ] --- 		[-] This file is not Virus : 'E:\$RECYCLE.BIN\S-1-5-21-4245446521-2482851566-4148946790-1001\$RV8IY0O\생활기록부\10.jpg'
[2017-09-14 17:56:48] [    INFO] [foxvc ver 1.2.6 ] --- 		[-] This file is not Virus : 'E:\$RECYCLE.BIN\S-1-5-21-4245446521-2482851566-4148946790-1001\$RV8IY0O\생활기록부\11.jpg'
[2017-09-14 17:56:48] [    INFO] [foxvc ver 1.2.6 ] --- 		[-] This file is not Virus : 'E:\$RECYCLE.BIN\S-1-5-21-4245446521-2482851566-4148946790-1001\$RV8IY0O\서강대\2018_수시_자기소개서.hwp'
[2017-09-14 17:56:48] [    INFO] [foxvc ver 1.2.6 ] --- 		[-] This file is not Virus : 'E:\$RECYCLE.BIN\S-1-5-21-4245446521-2482851566-4148946790-1001\$RV8IY0O\서강대\2018_수시_추천서.hwp'
[2017-09-14 17:56:48] [    INFO] [foxvc ver 1.2.6 ] --- 		[-] This file is not Virus : 'E:\$RECYCLE.BIN\S-1-5-21-4245446521-2482851566-4148946790-1001\$RV8IY0O\서강대\2018_수시_학교생활보충자료.hwp'
[2017-09-14 17:56:48] [    INFO] [foxvc ver 1.2.6 ] --- 		[-] This file is not Virus : 'E:\$RECYCLE.BIN\S-1-5-21-4245446521-2482851566-4148946790-1001\$RV8IY0O\성균관대\2017학년도 학생부종합전형 안내.pdf'
[2017-09-14 17:56:48] [    INFO] [foxvc ver 1.2.6 ] --- 		[-] This file is not Virus : 'E:\$RECYCLE.BIN\S-1-5-21-4245446521-2482851566-4148946790-1001\$RV8IY0O\세종대\2017학년도수시모집각종제출(입력)서류양식.zip'
[2017-09-14 17:56:48] [    INFO] [foxvc ver 1.2.6 ] --- 		[-] This file is not Virus : 'E:\$RECYCLE.BIN\S-1-5-21-4245446521-2482851566-4148946790-1001\$RV8IY0O\세종대\2018학년도세종대학교수시모집요강_공지용(최종)_0502(2).pdf'
[2017-09-14 17:56:48] [    INFO] [foxvc ver 1.2.6 ] --- 		[-] This file is not Virus : 'E:\$RECYCLE.BIN\S-1-5-21-4245446521-2482851566-4148946790-1001\$RV8IY0O\한양대\2018학년도 수시모집요강.pdf'
[2017-09-14 17:56:48] [    INFO] [foxvc ver 1.2.6 ] --- 		[-] This file is not Virus : 'E:\$RECYCLE.BIN\S-1-5-21-4245446521-2482851566-4148946790-1001\$RV8IY0O\한양대\한양대 1번(백신 개발).odt'
[2017-09-14 17:56:48] [    INFO] [foxvc ver 1.2.6 ] --- 		[-] This file is not Virus : 'E:\$RECYCLE.BIN\S-1-5-21-4245446521-2482851566-4148946790-1001\$RV8IY0O\한양대\한양대 2번(동아리) 내용.odt'
[2017-09-14 17:56:48] [    INFO] [foxvc ver 1.2.6 ] --- 		[-] This file is not Virus : 'E:\$RECYCLE.BIN\S-1-5-21-4245446521-2482851566-4148946790-1001\$RV8IY0O\한양대\한양대 2번(동아리) 제목.odt'
[2017-09-14 17:56:48] [    INFO] [foxvc ver 1.2.6 ] --- 		[-] This file is not Virus : 'E:\$RECYCLE.BIN\S-1-5-21-4245446521-2482851566-4148946790-1001\$RV8IY0O\한양대\한양대 3번(침해대응) 내용.odt'
[2017-09-14 17:56:48] [    INFO] [foxvc ver 1.2.6 ] --- 		[-] This file is not Virus : 'E:\$RECYCLE.BIN\S-1-5-21-4245446521-2482851566-4148946790-1001\$RV8IY0O\한양대\한양대 3번(침해대응) 제목.odt'
[2017-09-14 17:56:48] [    INFO] [foxvc ver 1.2.6 ] --- 		[-] This file is not Virus : 'E:\$RECYCLE.BIN\S-1-5-21-4245446521-2482851566-4148946790-1001\$RV8IY0O\한양대\활동 증빙자료.odt'
[2017-09-14 17:56:48] [    INFO] [foxvc ver 1.2.6 ] --- 		[-] This file is not Virus : 'E:\$RECYCLE.BIN\S-1-5-21-4245446521-2482851566-4148946790-1001\$RV8IY0O\활동증빙자료\[서강대 활동보충자료]서울중산고등학교 3학년12반 27번 이준성.pdf'
[2017-09-14 17:56:48] [    INFO] [foxvc ver 1.2.6 ] --- 		[-] This file is not Virus : 'E:\$RECYCLE.BIN\S-1-5-21-4245446521-2482851566-4148946790-1001\$RV8IY0O\활동증빙자료\서강대.odt'
[2017-09-14 17:56:48] [    INFO] [foxvc ver 1.2.6 ] --- 		[-] This file is not Virus : 'E:\$RECYCLE.BIN\S-1-5-21-4245446521-2482851566-4148946790-1001\$RV8IY0O\활동증빙자료\활동증빙자료(수정전).odt'
[2017-09-14 17:56:48] [    INFO] [foxvc ver 1.2.6 ] --- 		[-] This file is not Virus : 'E:\$RECYCLE.BIN\S-1-5-21-4245446521-2482851566-4148946790-1001\$RV8IY0O\활동증빙자료\활동증빙자료.odt'
[2017-09-14 17:57:45] [    INFO] [scanlogger      ] --- 
[2017-09-14 17:57:45] [    INFO] [scanlogger      ] --- Start to log-record in 'C:\Users\miho0\Desktop\ST\FoxVc\FoxVc Ver 1.2.6\log\20170914_Scan.log'
[2017-09-14 17:57:47] [    INFO] [foxvc ver 1.2.6 ] --- [+] Ready for Scan Drive : E:\
[2017-09-14 17:57:48] [    INFO] [foxvc ver 1.2.6 ] --- 		[-] Detected Virus file : 'E:\bak\Eicar.txt'
[2017-09-14 17:57:52] [    INFO] [foxvc ver 1.2.6 ] --- [+] Virus File Removed
[2017-09-14 17:57:52] [    INFO] [foxvc ver 1.2.6 ] --- 		[-] Removed file : E:\bak\Eicar.txt
