[2017-09-15 09:15:23] [    INFO] [scanlogger      ] --- 
[2017-09-15 09:15:23] [    INFO] [scanlogger      ] --- Start to log-record in 'C:\Users\miho0\Desktop\ST\FoxVc\FoxVc Ver 1.2.6\log\20170915_Scan.log'
[2017-09-15 13:50:11] [    INFO] [scanlogger      ] --- 
[2017-09-15 13:50:11] [    INFO] [scanlogger      ] --- Start to log-record in 'C:\Users\miho0\Desktop\FoxVc Ver 1.2.6\log\20170915_Scan.log'
[2017-09-15 13:52:25] [    INFO] [scanlogger      ] --- 
[2017-09-15 13:52:25] [    INFO] [scanlogger      ] --- Start to log-record in 'C:\Users\miho0\Desktop\FoxVc Ver 1.2.6\log\20170915_Scan.log'
[2017-09-15 13:52:28] [    INFO] [foxvc ver 1.2.6 ] --- [+] Ready for Scan Drive : E:\
[2017-09-15 13:52:29] [    INFO] [foxvc ver 1.2.6 ] --- 		[-] Detected Virus file : 'E:\bak\Eicar.txt'
[2017-09-15 13:52:34] [    INFO] [foxvc ver 1.2.6 ] --- [+] Virus File Removed
[2017-09-15 13:52:34] [    INFO] [foxvc ver 1.2.6 ] --- 		[-] Removed file : E:\bak\Eicar.txt
[2017-09-15 13:52:40] [    INFO] [scanlogger      ] --- 
[2017-09-15 13:52:40] [    INFO] [scanlogger      ] --- Start to log-record in 'C:\Users\miho0\Desktop\FoxVc Ver 1.2.6\log\20170915_Scan.log'
[2017-09-15 13:52:42] [    INFO] [foxvc ver 1.2.6 ] --- [+] Ready for Scan Drive : E:\
[2017-09-15 13:52:43] [    INFO] [foxvc ver 1.2.6 ] --- 		[-] Detected Virus file : 'E:\bak\Eicar.txt'
[2017-09-15 13:52:45] [    INFO] [foxvc ver 1.2.6 ] --- 		[-] Your System Will be Danger. Virus File is still exist.
[2017-09-15 15:02:00] [    INFO] [scanlogger      ] --- 
[2017-09-15 15:02:00] [    INFO] [scanlogger      ] --- Start to log-record in 'C:\Users\miho0\Desktop\FoxVc Ver 1.2.6\log\20170915_Scan.log'
[2017-09-15 15:02:04] [    INFO] [scanlogger      ] --- 
[2017-09-15 15:02:04] [    INFO] [scanlogger      ] --- Start to log-record in 'C:\Users\miho0\Desktop\FoxVc Ver 1.2.6\log\20170915_Scan.log'
[2017-09-15 15:02:08] [    INFO] [scanlogger      ] --- 
[2017-09-15 15:02:08] [    INFO] [scanlogger      ] --- Start to log-record in 'C:\Users\miho0\Desktop\FoxVc Ver 1.2.6\log\20170915_Scan.log'
[2017-09-15 15:02:13] [    INFO] [scanlogger      ] --- 
[2017-09-15 15:02:13] [    INFO] [scanlogger      ] --- Start to log-record in 'C:\Users\miho0\Desktop\FoxVc Ver 1.2.6\log\20170915_Scan.log'
[2017-09-15 15:02:18] [    INFO] [scanlogger      ] --- 
[2017-09-15 15:02:18] [    INFO] [scanlogger      ] --- Start to log-record in 'C:\Users\miho0\Desktop\FoxVc Ver 1.2.6\log\20170915_Scan.log'
[2017-09-15 15:02:32] [    INFO] [scanlogger      ] --- 
[2017-09-15 15:02:32] [    INFO] [scanlogger      ] --- Start to log-record in 'C:\Users\miho0\Desktop\FoxVc Ver 1.2.6\log\20170915_Scan.log'
[2017-09-15 15:02:36] [    INFO] [scanlogger      ] --- 
[2017-09-15 15:02:36] [    INFO] [scanlogger      ] --- Start to log-record in 'C:\Users\miho0\Desktop\FoxVc Ver 1.2.6\log\20170915_Scan.log'
[2017-09-15 15:02:41] [    INFO] [scanlogger      ] --- 
[2017-09-15 15:02:41] [    INFO] [scanlogger      ] --- Start to log-record in 'C:\Users\miho0\Desktop\FoxVc Ver 1.2.6\log\20170915_Scan.log'
[2017-09-15 15:02:47] [    INFO] [scanlogger      ] --- 
[2017-09-15 15:02:47] [    INFO] [scanlogger      ] --- Start to log-record in 'C:\Users\miho0\Desktop\FoxVc Ver 1.2.6\log\20170915_Scan.log'
[2017-09-15 15:12:31] [    INFO] [scanlogger      ] --- 
[2017-09-15 15:12:31] [    INFO] [scanlogger      ] --- Start to log-record in 'C:\Users\miho0\Desktop\FoxVc Ver 1.2.6\log\20170915_Scan.log'
[2017-09-15 15:12:34] [    INFO] [scanlogger      ] --- 
[2017-09-15 15:12:34] [    INFO] [scanlogger      ] --- Start to log-record in 'C:\Users\miho0\Desktop\FoxVc Ver 1.2.6\log\20170915_Scan.log'
[2017-09-15 15:12:39] [    INFO] [scanlogger      ] --- 
[2017-09-15 15:12:39] [    INFO] [scanlogger      ] --- Start to log-record in 'C:\Users\miho0\Desktop\FoxVc Ver 1.2.6\log\20170915_Scan.log'
[2017-09-15 15:12:48] [    INFO] [scanlogger      ] --- 
[2017-09-15 15:12:48] [    INFO] [scanlogger      ] --- Start to log-record in 'C:\Users\miho0\Desktop\FoxVc Ver 1.2.6\log\20170915_Scan.log'
[2017-09-15 15:16:26] [    INFO] [scanlogger      ] --- 
[2017-09-15 15:16:26] [    INFO] [scanlogger      ] --- Start to log-record in 'C:\Users\miho0\Desktop\FoxVc Ver 1.2.6\log\20170915_Scan.log'
[2017-09-15 15:16:31] [    INFO] [foxvcver1.2.6   ] --- [+] Ready for Scan Drive : E:\
[2017-09-15 15:16:38] [    INFO] [foxvcver1.2.6   ] --- 		[-] Detected Virus file : 'E:\bak\Eicar.txt'
[2017-09-15 15:18:13] [    INFO] [foxvcver1.2.6   ] --- 		[-] Your System Will be Danger. Virus File is still exist.
[2017-09-15 15:18:15] [    INFO] [scanlogger      ] --- 
[2017-09-15 15:18:15] [    INFO] [scanlogger      ] --- Start to log-record in 'C:\Users\miho0\Desktop\FoxVc Ver 1.2.6\log\20170915_Scan.log'
[2017-09-15 15:18:24] [    INFO] [foxvcver1.2.6   ] --- [+] Ready for Scan Drive : E:\
[2017-09-15 15:18:25] [    INFO] [foxvcver1.2.6   ] --- 		[-] Detected Virus file : 'E:\\Eicar.txt'
[2017-09-15 15:18:28] [    INFO] [foxvcver1.2.6   ] --- [+] Virus File Removed
[2017-09-15 15:18:28] [    INFO] [foxvcver1.2.6   ] --- 		[-] Removed file : E:\\Eicar.txt
[2017-09-15 15:20:33] [    INFO] [scanlogger      ] --- 
[2017-09-15 15:20:33] [    INFO] [scanlogger      ] --- Start to log-record in 'C:\Users\miho0\Desktop\FoxVc Ver 1.2.6\log\20170915_Scan.log'
[2017-09-15 15:20:41] [    INFO] [foxvcver1.2.6   ] --- [+] Ready for Scan Drive : E:\
[2017-09-15 15:20:41] [    INFO] [foxvcver1.2.6   ] --- 		[-] Detected Virus file : 'E:\\HI.txt'
[2017-09-15 15:20:45] [    INFO] [foxvcver1.2.6   ] --- 		[-] Your System Will be Danger. Virus File is still exist.
[2017-09-15 15:20:47] [    INFO] [scanlogger      ] --- 
[2017-09-15 15:20:47] [    INFO] [scanlogger      ] --- Start to log-record in 'C:\Users\miho0\Desktop\FoxVc Ver 1.2.6\log\20170915_Scan.log'
[2017-09-15 15:20:50] [    INFO] [foxvcver1.2.6   ] --- [+] Ready for Scan Drive : E:\
[2017-09-15 15:20:50] [    INFO] [foxvcver1.2.6   ] --- 		[-] Detected Virus file : 'E:\\HI.txt'
[2017-09-15 15:20:52] [    INFO] [foxvcver1.2.6   ] --- [+] Virus File Removed
[2017-09-15 15:20:52] [    INFO] [foxvcver1.2.6   ] --- 		[-] Removed file : E:\\HI.txt
