[2017-07-03 05:22:50] [    INFO] [logger          ] --- 
[2017-07-03 05:22:50] [    INFO] [logger          ] --- Start to log-record in 'C:\Users\miho0\Desktop\FoxVc-Test1\log\20170703_FoxVc.log'
[2017-07-03 05:23:01] [    INFO] [logger          ] --- 
[2017-07-03 05:23:01] [    INFO] [logger          ] --- Start to log-record in 'C:\Users\miho0\Desktop\FoxVc-Test1\log\20170703_FoxVc.log'
[2017-07-03 05:23:11] [    INFO] [logger          ] --- 
[2017-07-03 05:23:11] [    INFO] [logger          ] --- Start to log-record in 'C:\Users\miho0\Desktop\FoxVc-Test1\log\20170703_FoxVc.log'
[2017-07-03 05:23:20] [    INFO] [logger          ] --- 
[2017-07-03 05:23:20] [    INFO] [logger          ] --- Start to log-record in 'C:\Users\miho0\Desktop\FoxVc-Test1\log\20170703_FoxVc.log'
[2017-07-03 05:23:24] [    INFO] [logger          ] --- 
[2017-07-03 05:23:24] [    INFO] [logger          ] --- Start to log-record in 'C:\Users\miho0\Desktop\FoxVc-Test1\log\20170703_FoxVc.log'
[2017-07-03 05:23:46] [    INFO] [logger          ] --- 
[2017-07-03 05:23:46] [    INFO] [logger          ] --- Start to log-record in 'C:\Users\miho0\Desktop\FoxVc-Test1\log\20170703_FoxVc.log'
[2017-07-03 05:24:15] [    INFO] [logger          ] --- 
[2017-07-03 05:24:15] [    INFO] [logger          ] --- Start to log-record in 'C:\Users\miho0\Desktop\FoxVc-Test1\log\20170703_FoxVc.log'
[2017-07-03 05:24:21] [    INFO] [logger          ] --- 
[2017-07-03 05:24:21] [    INFO] [logger          ] --- Start to log-record in 'C:\Users\miho0\Desktop\FoxVc-Test1\log\20170703_FoxVc.log'
[2017-07-03 05:24:53] [    INFO] [logger          ] --- 
[2017-07-03 05:24:53] [    INFO] [logger          ] --- Start to log-record in 'C:\Users\miho0\Desktop\FoxVc-Test1\log\20170703_FoxVc.log'
[2017-07-03 05:25:02] [    INFO] [logger          ] --- 
[2017-07-03 05:25:02] [    INFO] [logger          ] --- Start to log-record in 'C:\Users\miho0\Desktop\FoxVc-Test1\log\20170703_FoxVc.log'
[2017-07-03 05:25:14] [    INFO] [logger          ] --- 
[2017-07-03 05:25:14] [    INFO] [logger          ] --- Start to log-record in 'C:\Users\miho0\Desktop\FoxVc-Test1\log\20170703_FoxVc.log'
[2017-07-03 05:25:18] [    INFO] [logger          ] --- 
[2017-07-03 05:25:18] [    INFO] [logger          ] --- Start to log-record in 'C:\Users\miho0\Desktop\FoxVc-Test1\log\20170703_FoxVc.log'
[2017-07-03 05:25:22] [    INFO] [logger          ] --- 
[2017-07-03 05:25:22] [    INFO] [logger          ] --- Start to log-record in 'C:\Users\miho0\Desktop\FoxVc-Test1\log\20170703_FoxVc.log'
[2017-07-03 05:25:41] [    INFO] [logger          ] --- 
[2017-07-03 05:25:41] [    INFO] [logger          ] --- Start to log-record in 'C:\Users\miho0\Desktop\FoxVc-Test1\log\20170703_FoxVc.log'
[2017-07-03 05:25:54] [    INFO] [logger          ] --- 
[2017-07-03 05:25:54] [    INFO] [logger          ] --- Start to log-record in 'C:\Users\miho0\Desktop\FoxVc-Test1\log\20170703_FoxVc.log'
[2017-07-03 05:26:57] [    INFO] [logger          ] --- 
[2017-07-03 05:26:57] [    INFO] [logger          ] --- Start to log-record in 'C:\Users\miho0\Desktop\FoxVc-Test1\log\20170703_FoxVc.log'
[2017-07-03 05:27:18] [    INFO] [logger          ] --- 
[2017-07-03 05:27:18] [    INFO] [logger          ] --- Start to log-record in 'C:\Users\miho0\Desktop\FoxVc-Test1\log\20170703_FoxVc.log'
[2017-07-03 05:27:22] [    INFO] [logger          ] --- 
[2017-07-03 05:27:22] [    INFO] [logger          ] --- Start to log-record in 'C:\Users\miho0\Desktop\FoxVc-Test1\log\20170703_FoxVc.log'
[2017-07-03 05:27:30] [    INFO] [foxvc ver 1.2.7 ] --- Ready for Scan Drive : G:\
[2017-07-03 05:28:41] [    INFO] [logger          ] --- 
[2017-07-03 05:28:41] [    INFO] [logger          ] --- Start to log-record in 'C:\Users\miho0\Desktop\FoxVc-Test1\log\20170703_FoxVc.log'
[2017-07-03 05:28:45] [    INFO] [foxvc ver 1.2.7 ] --- Ready for Scan Drive : G:\
[2017-07-03 05:29:26] [    INFO] [foxvc ver 1.2.7 ] --- [+] Cannot detect Virus !
[2017-07-03 05:29:50] [    INFO] [logger          ] --- 
[2017-07-03 05:29:50] [    INFO] [logger          ] --- Start to log-record in 'C:\Users\miho0\Desktop\FoxVc-Test1\log\20170703_FoxVc.log'
[2017-07-03 05:29:55] [    INFO] [foxvc ver 1.2.7 ] --- Ready for Scan Drive : G:\
[2017-07-03 05:38:37] [    INFO] [logger          ] --- 
[2017-07-03 05:38:37] [    INFO] [logger          ] --- Start to log-record in 'C:\Users\miho0\Desktop\FoxVc-Test1\log\20170703_FoxVc.log'
[2017-07-03 05:38:40] [    INFO] [foxvc ver 1.2.7 ] --- Ready for Scan Drive : G:\
[2017-07-03 05:38:46] [    INFO] [foxvc ver 1.2.7 ] --- [+] Cannot detect Virus !
[2017-07-03 05:42:06] [    INFO] [logger          ] --- 
[2017-07-03 05:42:06] [    INFO] [logger          ] --- Start to log-record in 'C:\Users\miho0\Desktop\FoxVc-Test1\log\20170703_FoxVc.log'
[2017-07-03 05:42:09] [   ERROR] [isdir           ] --- It si not Drive or your system doesn't have C:\Users\miho0\Desktop\FoxVc-Test1\? Drive
[2017-07-03 05:42:09] [    INFO] [foxvc ver 1.2.7 ] --- [+] Cannot detect Virus !
[2017-07-03 05:42:15] [    INFO] [logger          ] --- 
[2017-07-03 05:42:15] [    INFO] [logger          ] --- Start to log-record in 'C:\Users\miho0\Desktop\FoxVc-Test1\log\20170703_FoxVc.log'
[2017-07-03 05:42:25] [    INFO] [logger          ] --- 
[2017-07-03 05:42:25] [    INFO] [logger          ] --- Start to log-record in 'C:\Users\miho0\Desktop\FoxVc-Test1\log\20170703_FoxVc.log'
[2017-07-03 05:42:27] [    INFO] [foxvc ver 1.2.7 ] --- Ready for Scan Drive : G:\
[2017-07-03 05:42:33] [    INFO] [foxvc ver 1.2.7 ] --- [+] Cannot detect Virus !
[2017-07-03 05:42:43] [    INFO] [logger          ] --- 
[2017-07-03 05:42:43] [    INFO] [logger          ] --- Start to log-record in 'C:\Users\miho0\Desktop\FoxVc-Test1\log\20170703_FoxVc.log'
[2017-07-03 05:42:47] [    INFO] [foxvc ver 1.2.7 ] --- Ready for Scan Drive : G:\
[2017-07-03 05:46:58] [    INFO] [logger          ] --- 
[2017-07-03 05:46:58] [    INFO] [logger          ] --- Start to log-record in 'C:\Users\miho0\Desktop\FoxVc-Test1\log\20170703_FoxVc.log'
[2017-07-03 05:47:01] [    INFO] [foxvc ver 1.2.7 ] --- Ready for Scan Drive : G:\
[2017-07-03 05:49:09] [    INFO] [logger          ] --- 
[2017-07-03 05:49:09] [    INFO] [logger          ] --- Start to log-record in 'C:\Users\miho0\Desktop\FoxVc-Test1\log\20170703_FoxVc.log'
[2017-07-03 05:56:11] [    INFO] [logger          ] --- 
[2017-07-03 05:56:11] [    INFO] [logger          ] --- Start to log-record in 'C:\Users\miho0\Desktop\FoxVc-Test1\log\20170703_FoxVc.log'
[2017-07-03 05:56:19] [    INFO] [foxvc ver 1.2.7 ] --- Ready for Scan Drive : G:\
[2017-07-03 05:56:39] [    INFO] [logger          ] --- 
[2017-07-03 05:56:39] [    INFO] [logger          ] --- Start to log-record in 'C:\Users\miho0\Desktop\FoxVc-Test1\log\20170703_FoxVc.log'
[2017-07-03 05:56:41] [    INFO] [foxvc ver 1.2.7 ] --- Ready for Scan Drive : G:\
[2017-07-03 05:56:47] [    INFO] [foxvc ver 1.2.7 ] --- [+] Cannot detect Virus !
[2017-07-03 05:57:42] [    INFO] [logger          ] --- 
[2017-07-03 05:57:42] [    INFO] [logger          ] --- Start to log-record in 'C:\Users\miho0\Desktop\FoxVc-Test1\log\20170703_FoxVc.log'
[2017-07-03 05:57:45] [    INFO] [foxvc ver 1.2.7 ] --- Ready for Scan Drive : G:\
[2017-07-03 05:57:51] [    INFO] [foxvc ver 1.2.7 ] --- Detected Virus file : 'G:\\pycharm.sh'
[2017-07-03 05:57:51] [    INFO] [foxvc ver 1.2.7 ] --- Detected Virus file : 'G:\\BOOTEX.LOG'
[2017-07-03 05:57:51] [    INFO] [foxvc ver 1.2.7 ] --- Detected Virus file : 'G:\\eicar-Test.txt'
[2017-07-03 05:57:51] [    INFO] [foxvc ver 1.2.7 ] --- Detected Virus file : 'G:\System Volume Information\WPSettings.dat'
[2017-07-03 05:57:51] [    INFO] [foxvc ver 1.2.7 ] --- Detected Virus file : 'G:\System Volume Information\IndexerVolumeGuid'
[2017-07-03 05:57:51] [    INFO] [foxvc ver 1.2.7 ] --- Detected Virus file : 'G:\Feedback\{D35CD7A9-9467-49E3-826B-FF6E397E34B4}\Capture001.png'
[2017-07-03 05:57:51] [    INFO] [foxvc ver 1.2.7 ] --- Detected Virus file : 'G:\Feedback\{F63C3BFF-D994-4A69-814E-80ECA0CDBC05}\Capture001.png'
[2017-07-03 05:57:51] [    INFO] [foxvc ver 1.2.7 ] --- Detected Virus file : 'G:\Feedback\{F63C3BFF-D994-4A69-814E-80ECA0CDBC05}\eicar-Test.txt'
[2017-07-03 05:57:51] [    INFO] [foxvc ver 1.2.7 ] --- Detected Virus file : 'G:\새 폴더\473287184.mp4'
[2017-07-03 05:57:51] [    INFO] [foxvc ver 1.2.7 ] --- Detected Virus file : 'G:\새 폴더\Untitled5-1.wmv'
[2017-07-03 05:57:51] [    INFO] [foxvc ver 1.2.7 ] --- Detected Virus file : 'G:\새 폴더\Untitled9.wmv'
[2017-07-03 05:57:51] [    INFO] [foxvc ver 1.2.7 ] --- Detected Virus file : 'G:\새 폴더\We Px4 격발영상.mp4'
[2017-07-03 05:57:51] [    INFO] [foxvc ver 1.2.7 ] --- Detected Virus file : 'G:\새 폴더\We Px4 다시찍음! .mp4'
[2017-07-03 05:57:51] [    INFO] [foxvc ver 1.2.7 ] --- Detected Virus file : 'G:\새 폴더\메르띠.wmv'
[2017-07-03 05:57:51] [    INFO] [foxvc ver 1.2.7 ] --- Detected Virus file : 'G:\새 폴더\eicar-Test.txt'
[2017-07-03 05:57:51] [    INFO] [foxvc ver 1.2.7 ] --- Detected Virus file : 'G:\kicomav-master\build.bat'
[2017-07-03 05:57:51] [    INFO] [foxvc ver 1.2.7 ] --- Detected Virus file : 'G:\kicomav-master\build.sh'
[2017-07-03 05:57:51] [    INFO] [foxvc ver 1.2.7 ] --- Detected Virus file : 'G:\kicomav-master\CHANGELOG.md'
[2017-07-03 05:57:51] [    INFO] [foxvc ver 1.2.7 ] --- Detected Virus file : 'G:\kicomav-master\LICENSE'
[2017-07-03 05:57:51] [    INFO] [foxvc ver 1.2.7 ] --- Detected Virus file : 'G:\kicomav-master\README.md'
[2017-07-03 05:57:51] [    INFO] [foxvc ver 1.2.7 ] --- Detected Virus file : 'G:\kicomav-master\eicar-Test.txt'
[2017-07-03 05:57:51] [    INFO] [foxvc ver 1.2.7 ] --- Detected Virus file : 'G:\kicomav-master\.idea\kicomav-master.iml'
[2017-07-03 05:57:51] [    INFO] [foxvc ver 1.2.7 ] --- Detected Virus file : 'G:\kicomav-master\.idea\misc.xml'
[2017-07-03 05:57:51] [    INFO] [foxvc ver 1.2.7 ] --- Detected Virus file : 'G:\kicomav-master\.idea\modules.xml'
[2017-07-03 05:57:51] [    INFO] [foxvc ver 1.2.7 ] --- Detected Virus file : 'G:\kicomav-master\.idea\workspace.xml'
[2017-07-03 05:57:51] [    INFO] [foxvc ver 1.2.7 ] --- Detected Virus file : 'G:\kicomav-master\Engine\k2.py'
[2017-07-03 05:57:51] [    INFO] [foxvc ver 1.2.7 ] --- Detected Virus file : 'G:\kicomav-master\Engine\kavcore\k2const.py'
[2017-07-03 05:57:51] [    INFO] [foxvc ver 1.2.7 ] --- Detected Virus file : 'G:\kicomav-master\Engine\kavcore\k2const.pyc'
[2017-07-03 05:57:51] [    INFO] [foxvc ver 1.2.7 ] --- Detected Virus file : 'G:\kicomav-master\Engine\kavcore\k2engine.py'
[2017-07-03 05:57:51] [    INFO] [foxvc ver 1.2.7 ] --- Detected Virus file : 'G:\kicomav-master\Engine\kavcore\k2engine.pyc'
[2017-07-03 05:57:51] [    INFO] [foxvc ver 1.2.7 ] --- Detected Virus file : 'G:\kicomav-master\Engine\kavcore\k2file.py'
[2017-07-03 05:57:51] [    INFO] [foxvc ver 1.2.7 ] --- Detected Virus file : 'G:\kicomav-master\Engine\kavcore\k2file.pyc'
[2017-07-03 05:57:51] [    INFO] [foxvc ver 1.2.7 ] --- Detected Virus file : 'G:\kicomav-master\Engine\kavcore\k2kmdfile.py'
[2017-07-03 05:57:51] [    INFO] [foxvc ver 1.2.7 ] --- Detected Virus file : 'G:\kicomav-master\Engine\kavcore\k2kmdfile.pyc'
[2017-07-03 05:57:51] [    INFO] [foxvc ver 1.2.7 ] --- Detected Virus file : 'G:\kicomav-master\Engine\kavcore\k2rc4.py'
[2017-07-03 05:57:51] [    INFO] [foxvc ver 1.2.7 ] --- Detected Virus file : 'G:\kicomav-master\Engine\kavcore\k2rc4.pyc'
[2017-07-03 05:57:51] [    INFO] [foxvc ver 1.2.7 ] --- Detected Virus file : 'G:\kicomav-master\Engine\kavcore\k2rsa.py'
[2017-07-03 05:57:51] [    INFO] [foxvc ver 1.2.7 ] --- Detected Virus file : 'G:\kicomav-master\Engine\kavcore\k2rsa.pyc'
[2017-07-03 05:57:51] [    INFO] [foxvc ver 1.2.7 ] --- Detected Virus file : 'G:\kicomav-master\Engine\kavcore\k2timelib.py'
[2017-07-03 05:57:51] [    INFO] [foxvc ver 1.2.7 ] --- Detected Virus file : 'G:\kicomav-master\Engine\kavcore\k2timelib.pyc'
[2017-07-03 05:57:51] [    INFO] [foxvc ver 1.2.7 ] --- Detected Virus file : 'G:\kicomav-master\Engine\kavcore\__init__.py'
[2017-07-03 05:57:51] [    INFO] [foxvc ver 1.2.7 ] --- Detected Virus file : 'G:\kicomav-master\Engine\kavcore\__init__.pyc'
[2017-07-03 05:57:51] [    INFO] [foxvc ver 1.2.7 ] --- Detected Virus file : 'G:\kicomav-master\Engine\kavcore\eicar-Test.txt'
[2017-07-03 05:57:51] [    INFO] [foxvc ver 1.2.7 ] --- Detected Virus file : 'G:\kicomav-master\Engine\plugins\alz.py'
[2017-07-03 05:57:51] [    INFO] [foxvc ver 1.2.7 ] --- Detected Virus file : 'G:\kicomav-master\Engine\plugins\attach.py'
[2017-07-03 05:57:51] [    INFO] [foxvc ver 1.2.7 ] --- Detected Virus file : 'G:\kicomav-master\Engine\plugins\cab.py'
[2017-07-03 05:57:51] [    INFO] [foxvc ver 1.2.7 ] --- Detected Virus file : 'G:\kicomav-master\Engine\plugins\cryptolib.py'
[2017-07-03 05:57:51] [    INFO] [foxvc ver 1.2.7 ] --- Detected Virus file : 'G:\kicomav-master\Engine\plugins\cryptolib.pyc'
[2017-07-03 05:57:51] [    INFO] [foxvc ver 1.2.7 ] --- Detected Virus file : 'G:\kicomav-master\Engine\plugins\dummy.py'
[2017-07-03 05:57:51] [    INFO] [foxvc ver 1.2.7 ] --- Detected Virus file : 'G:\kicomav-master\Engine\plugins\eicar.py'
[2017-07-03 05:57:51] [    INFO] [foxvc ver 1.2.7 ] --- Detected Virus file : 'G:\kicomav-master\Engine\plugins\elf.py'
[2017-07-03 05:57:51] [    INFO] [foxvc ver 1.2.7 ] --- Detected Virus file : 'G:\kicomav-master\Engine\plugins\emalware.py'
[2017-07-03 05:57:51] [    INFO] [foxvc ver 1.2.7 ] --- Detected Virus file : 'G:\kicomav-master\Engine\plugins\html.py'
[2017-07-03 05:57:51] [    INFO] [foxvc ver 1.2.7 ] --- Detected Virus file : 'G:\kicomav-master\Engine\plugins\hwp.py'
[2017-07-03 05:57:51] [    INFO] [foxvc ver 1.2.7 ] --- Detected Virus file : 'G:\kicomav-master\Engine\plugins\kavutil.py'
[2017-07-03 05:57:51] [    INFO] [foxvc ver 1.2.7 ] --- Detected Virus file : 'G:\kicomav-master\Engine\plugins\kernel.py'
[2017-07-03 05:57:51] [    INFO] [foxvc ver 1.2.7 ] --- Detected Virus file : 'G:\kicomav-master\Engine\plugins\kernel.pyc'
[2017-07-03 05:57:51] [    INFO] [foxvc ver 1.2.7 ] --- Detected Virus file : 'G:\kicomav-master\Engine\plugins\kicom.lst'
[2017-07-03 05:57:51] [    INFO] [foxvc ver 1.2.7 ] --- Detected Virus file : 'G:\kicomav-master\Engine\plugins\macro.py'
[2017-07-03 05:57:51] [    INFO] [foxvc ver 1.2.7 ] --- Detected Virus file : 'G:\kicomav-master\Engine\plugins\nsis.py'
[2017-07-03 05:57:51] [    INFO] [foxvc ver 1.2.7 ] --- Detected Virus file : 'G:\kicomav-master\Engine\plugins\ole.py'
[2017-07-03 05:57:51] [    INFO] [foxvc ver 1.2.7 ] --- Detected Virus file : 'G:\kicomav-master\Engine\plugins\olenative.py'
[2017-07-03 05:57:51] [    INFO] [foxvc ver 1.2.7 ] --- Detected Virus file : 'G:\kicomav-master\Engine\plugins\pdf.py'
[2017-07-03 05:57:51] [    INFO] [foxvc ver 1.2.7 ] --- Detected Virus file : 'G:\kicomav-master\Engine\plugins\pe.py'
[2017-07-03 05:57:51] [    INFO] [foxvc ver 1.2.7 ] --- Detected Virus file : 'G:\kicomav-master\Engine\plugins\script.py'
[2017-07-03 05:57:51] [    INFO] [foxvc ver 1.2.7 ] --- Detected Virus file : 'G:\kicomav-master\Engine\plugins\upx.py'
[2017-07-03 05:57:51] [    INFO] [foxvc ver 1.2.7 ] --- Detected Virus file : 'G:\kicomav-master\Engine\plugins\zip.py'
[2017-07-03 05:57:51] [    INFO] [foxvc ver 1.2.7 ] --- Detected Virus file : 'G:\kicomav-master\Engine\plugins\__init__.py'
[2017-07-03 05:57:51] [    INFO] [foxvc ver 1.2.7 ] --- Detected Virus file : 'G:\kicomav-master\Engine\plugins\eicar-Test.txt'
[2017-07-03 05:57:51] [    INFO] [foxvc ver 1.2.7 ] --- Detected Virus file : 'G:\kicomav-master\Tools\kmake.py'
[2017-07-03 05:57:51] [    INFO] [foxvc ver 1.2.7 ] --- Detected Virus file : 'G:\kicomav-master\Tools\mkkey.py'
[2017-07-03 05:57:51] [    INFO] [foxvc ver 1.2.7 ] --- Detected Virus file : 'G:\kicomav-master\Tools\normfile.py'
[2017-07-03 05:57:51] [    INFO] [foxvc ver 1.2.7 ] --- Detected Virus file : 'G:\kicomav-master\Tools\sigtool_md5.py'
[2017-07-03 05:57:51] [    INFO] [foxvc ver 1.2.7 ] --- Detected Virus file : 'G:\kicomav-master\Tools\eicar-Test.txt'
[2017-07-03 05:57:51] [    INFO] [foxvc ver 1.2.7 ] --- Detected Virus file : 'G:\기타 파일들\(1).png'
[2017-07-03 05:57:51] [    INFO] [foxvc ver 1.2.7 ] --- Detected Virus file : 'G:\기타 파일들\0000.JPG'
[2017-07-03 05:57:51] [    INFO] [foxvc ver 1.2.7 ] --- Detected Virus file : 'G:\기타 파일들\000000000.png'
[2017-07-03 05:57:51] [    INFO] [foxvc ver 1.2.7 ] --- Detected Virus file : 'G:\기타 파일들\1.png'
[2017-07-03 05:57:51] [    INFO] [foxvc ver 1.2.7 ] --- Detected Virus file : 'G:\기타 파일들\Bq29CrxCcAAFuuU.jpg'
[2017-07-03 05:57:51] [    INFO] [foxvc ver 1.2.7 ] --- Detected Virus file : 'G:\기타 파일들\djjrMr1.jpg'
[2017-07-03 05:57:51] [    INFO] [foxvc ver 1.2.7 ] --- Detected Virus file : 'G:\기타 파일들\i12426225431.png'
[2017-07-03 05:57:51] [    INFO] [foxvc ver 1.2.7 ] --- Detected Virus file : 'G:\기타 파일들\i12792542353.png'
[2017-07-03 05:57:51] [    INFO] [foxvc ver 1.2.7 ] --- Detected Virus file : 'G:\기타 파일들\index.png'
[2017-07-03 05:57:51] [    INFO] [foxvc ver 1.2.7 ] --- Detected Virus file : 'G:\기타 파일들\index1.png'
[2017-07-03 05:57:51] [    INFO] [foxvc ver 1.2.7 ] --- Detected Virus file : 'G:\기타 파일들\Inked000000000_LI.jpg'
[2017-07-03 05:57:51] [    INFO] [foxvc ver 1.2.7 ] --- Detected Virus file : 'G:\기타 파일들\Inked0000_LI.jpg'
[2017-07-03 05:57:51] [    INFO] [foxvc ver 1.2.7 ] --- Detected Virus file : 'G:\기타 파일들\KakaoTalk_20170208_223650810.jpg'
[2017-07-03 05:57:51] [    INFO] [foxvc ver 1.2.7 ] --- Detected Virus file : 'G:\기타 파일들\KakaoTalk_20170526_221119503.png'
[2017-07-03 05:57:51] [    INFO] [foxvc ver 1.2.7 ] --- Detected Virus file : 'G:\기타 파일들\middle_1409203000.jpg'
[2017-07-03 05:57:51] [    INFO] [foxvc ver 1.2.7 ] --- Detected Virus file : 'G:\기타 파일들\openbsd_5_1_current_with_openbox_by_dcoppa-d4uhdb2.png'
[2017-07-03 05:57:51] [    INFO] [foxvc ver 1.2.7 ] --- Detected Virus file : 'G:\기타 파일들\새 텍스트 문서.txt'
[2017-07-03 05:57:51] [    INFO] [foxvc ver 1.2.7 ] --- Detected Virus file : 'G:\기타 파일들\제목 없음.png'
[2017-07-03 05:57:51] [    INFO] [foxvc ver 1.2.7 ] --- Detected Virus file : 'G:\기타 파일들\제목 없음sadgs.png'
[2017-07-03 05:57:51] [    INFO] [foxvc ver 1.2.7 ] --- Detected Virus file : 'G:\기타 파일들\캡처.JPG'
[2017-07-03 05:57:51] [    INFO] [foxvc ver 1.2.7 ] --- Detected Virus file : 'G:\기타 파일들\eicar-Test.txt'
[2017-07-03 06:02:29] [    INFO] [foxvc ver 1.2.7 ] --- [+] Cannot detect Virus !
[2017-07-03 06:02:29] [    INFO] [foxvc ver 1.2.7 ] --- [+] Cannot detect Virus !
