[2017-06-29 06:16:43] [    INFO] [logger          ] --- 
[2017-06-29 06:16:43] [    INFO] [logger          ] --- Start to log-record in 'C:\Users\miho0\Desktop\FoxVc-Test\log\20170629_FoxVc.log'
[2017-06-29 06:16:50] [    INFO] [foxvc ver 1.2.4 ] --- Ready for Scan Drive : C:\
[2017-06-29 06:24:02] [    INFO] [logger          ] --- 
[2017-06-29 06:24:02] [    INFO] [logger          ] --- Start to log-record in 'C:\Users\miho0\Desktop\FoxVc-Test\log\20170629_FoxVc.log'
[2017-06-29 06:24:07] [    INFO] [foxvc ver 1.2.4 ] --- Ready for Scan Drive : C:\
[2017-06-29 06:38:05] [   ERROR] [matchinghashvalue] --- IOError : Permission denied. / No such file or directory.
[2017-06-29 06:38:05] [   ERROR] [matchinghashvalue] --- 
[2017-06-29 06:38:05] [   ERROR] [matchinghashvalue] --- IOError : Permission denied. / No such file or directory.
[2017-06-29 06:38:05] [   ERROR] [matchinghashvalue] --- 
[2017-06-29 06:38:05] [   ERROR] [matchinghashvalue] --- IOError : Permission denied. / No such file or directory.
[2017-06-29 06:38:05] [   ERROR] [matchinghashvalue] --- 
[2017-06-29 06:43:51] [   ERROR] [matchinghashvalue] --- IOError : Permission denied. / No such file or directory.
[2017-06-29 06:43:51] [   ERROR] [matchinghashvalue] --- 
[2017-06-29 06:43:51] [   ERROR] [matchinghashvalue] --- IOError : Permission denied. / No such file or directory.
[2017-06-29 06:43:51] [   ERROR] [matchinghashvalue] --- 
[2017-06-29 06:43:51] [   ERROR] [matchinghashvalue] --- IOError : Permission denied. / No such file or directory.
[2017-06-29 06:43:51] [   ERROR] [matchinghashvalue] --- 
[2017-06-29 06:43:51] [   ERROR] [matchinghashvalue] --- IOError : Permission denied. / No such file or directory.
[2017-06-29 06:43:51] [   ERROR] [matchinghashvalue] --- 
[2017-06-29 06:43:51] [   ERROR] [matchinghashvalue] --- IOError : Permission denied. / No such file or directory.
[2017-06-29 06:43:51] [   ERROR] [matchinghashvalue] --- 
[2017-06-29 06:43:51] [   ERROR] [matchinghashvalue] --- IOError : Permission denied. / No such file or directory.
[2017-06-29 06:43:51] [   ERROR] [matchinghashvalue] --- 
[2017-06-29 06:43:51] [   ERROR] [matchinghashvalue] --- IOError : Permission denied. / No such file or directory.
[2017-06-29 06:43:51] [   ERROR] [matchinghashvalue] --- 
[2017-06-29 06:43:51] [   ERROR] [matchinghashvalue] --- IOError : Permission denied. / No such file or directory.
[2017-06-29 06:43:51] [   ERROR] [matchinghashvalue] --- 
[2017-06-29 06:43:52] [   ERROR] [matchinghashvalue] --- IOError : Permission denied. / No such file or directory.
[2017-06-29 06:43:52] [   ERROR] [matchinghashvalue] --- 
[2017-06-29 06:43:52] [   ERROR] [matchinghashvalue] --- IOError : Permission denied. / No such file or directory.
[2017-06-29 06:43:52] [   ERROR] [matchinghashvalue] --- 
[2017-06-29 06:43:52] [   ERROR] [matchinghashvalue] --- IOError : Permission denied. / No such file or directory.
[2017-06-29 06:43:52] [   ERROR] [matchinghashvalue] --- 
[2017-06-29 06:43:52] [   ERROR] [matchinghashvalue] --- IOError : Permission denied. / No such file or directory.
[2017-06-29 06:43:52] [   ERROR] [matchinghashvalue] --- 
[2017-06-29 06:43:52] [   ERROR] [matchinghashvalue] --- IOError : Permission denied. / No such file or directory.
[2017-06-29 06:43:52] [   ERROR] [matchinghashvalue] --- 
[2017-06-29 06:43:52] [   ERROR] [matchinghashvalue] --- IOError : Permission denied. / No such file or directory.
[2017-06-29 06:43:52] [   ERROR] [matchinghashvalue] --- 
[2017-06-29 06:43:52] [   ERROR] [matchinghashvalue] --- IOError : Permission denied. / No such file or directory.
[2017-06-29 06:43:52] [   ERROR] [matchinghashvalue] --- 
[2017-06-29 06:43:52] [   ERROR] [matchinghashvalue] --- IOError : Permission denied. / No such file or directory.
[2017-06-29 06:43:52] [   ERROR] [matchinghashvalue] --- 
[2017-06-29 06:43:52] [   ERROR] [matchinghashvalue] --- IOError : Permission denied. / No such file or directory.
[2017-06-29 06:43:52] [   ERROR] [matchinghashvalue] --- 
[2017-06-29 06:43:52] [   ERROR] [matchinghashvalue] --- IOError : Permission denied. / No such file or directory.
[2017-06-29 06:43:52] [   ERROR] [matchinghashvalue] --- 
[2017-06-29 06:43:52] [   ERROR] [matchinghashvalue] --- IOError : Permission denied. / No such file or directory.
[2017-06-29 06:43:52] [   ERROR] [matchinghashvalue] --- 
[2017-06-29 06:43:52] [   ERROR] [matchinghashvalue] --- IOError : Permission denied. / No such file or directory.
[2017-06-29 06:43:52] [   ERROR] [matchinghashvalue] --- 
[2017-06-29 06:43:52] [   ERROR] [matchinghashvalue] --- IOError : Permission denied. / No such file or directory.
[2017-06-29 06:43:52] [   ERROR] [matchinghashvalue] --- 
[2017-06-29 06:43:52] [   ERROR] [matchinghashvalue] --- IOError : Permission denied. / No such file or directory.
[2017-06-29 06:43:52] [   ERROR] [matchinghashvalue] --- 
[2017-06-29 06:43:52] [   ERROR] [matchinghashvalue] --- IOError : Permission denied. / No such file or directory.
[2017-06-29 06:43:52] [   ERROR] [matchinghashvalue] --- 
[2017-06-29 06:43:52] [   ERROR] [matchinghashvalue] --- IOError : Permission denied. / No such file or directory.
[2017-06-29 06:43:52] [   ERROR] [matchinghashvalue] --- 
[2017-06-29 06:43:52] [   ERROR] [matchinghashvalue] --- IOError : Permission denied. / No such file or directory.
[2017-06-29 06:43:52] [   ERROR] [matchinghashvalue] --- 
[2017-06-29 06:43:52] [   ERROR] [matchinghashvalue] --- IOError : Permission denied. / No such file or directory.
[2017-06-29 06:43:52] [   ERROR] [matchinghashvalue] --- 
[2017-06-29 06:43:52] [   ERROR] [matchinghashvalue] --- IOError : Permission denied. / No such file or directory.
[2017-06-29 06:43:52] [   ERROR] [matchinghashvalue] --- 
[2017-06-29 06:43:52] [   ERROR] [matchinghashvalue] --- IOError : Permission denied. / No such file or directory.
[2017-06-29 06:43:52] [   ERROR] [matchinghashvalue] --- 
[2017-06-29 06:43:52] [   ERROR] [matchinghashvalue] --- IOError : Permission denied. / No such file or directory.
[2017-06-29 06:43:52] [   ERROR] [matchinghashvalue] --- 
[2017-06-29 06:43:52] [   ERROR] [matchinghashvalue] --- IOError : Permission denied. / No such file or directory.
[2017-06-29 06:43:52] [   ERROR] [matchinghashvalue] --- 
[2017-06-29 06:43:52] [   ERROR] [matchinghashvalue] --- IOError : Permission denied. / No such file or directory.
[2017-06-29 06:43:52] [   ERROR] [matchinghashvalue] --- 
[2017-06-29 06:43:52] [   ERROR] [matchinghashvalue] --- IOError : Permission denied. / No such file or directory.
[2017-06-29 06:43:52] [   ERROR] [matchinghashvalue] --- 
[2017-06-29 06:43:52] [   ERROR] [matchinghashvalue] --- IOError : Permission denied. / No such file or directory.
[2017-06-29 06:43:52] [   ERROR] [matchinghashvalue] --- 
[2017-06-29 06:43:52] [   ERROR] [matchinghashvalue] --- IOError : Permission denied. / No such file or directory.
[2017-06-29 06:43:52] [   ERROR] [matchinghashvalue] --- 
[2017-06-29 06:43:52] [   ERROR] [matchinghashvalue] --- IOError : Permission denied. / No such file or directory.
[2017-06-29 06:43:52] [   ERROR] [matchinghashvalue] --- 
[2017-06-29 06:43:52] [   ERROR] [matchinghashvalue] --- IOError : Permission denied. / No such file or directory.
[2017-06-29 06:43:52] [   ERROR] [matchinghashvalue] --- 
[2017-06-29 06:43:52] [   ERROR] [matchinghashvalue] --- IOError : Permission denied. / No such file or directory.
[2017-06-29 06:43:52] [   ERROR] [matchinghashvalue] --- 
[2017-06-29 06:43:52] [   ERROR] [matchinghashvalue] --- IOError : Permission denied. / No such file or directory.
[2017-06-29 06:43:52] [   ERROR] [matchinghashvalue] --- 
[2017-06-29 06:43:52] [   ERROR] [matchinghashvalue] --- IOError : Permission denied. / No such file or directory.
[2017-06-29 06:43:52] [   ERROR] [matchinghashvalue] --- 
[2017-06-29 06:43:53] [   ERROR] [matchinghashvalue] --- IOError : Permission denied. / No such file or directory.
[2017-06-29 06:43:53] [   ERROR] [matchinghashvalue] --- 
[2017-06-29 06:43:53] [   ERROR] [matchinghashvalue] --- IOError : Permission denied. / No such file or directory.
[2017-06-29 06:43:53] [   ERROR] [matchinghashvalue] --- 
[2017-06-29 06:43:53] [   ERROR] [matchinghashvalue] --- IOError : Permission denied. / No such file or directory.
[2017-06-29 06:43:53] [   ERROR] [matchinghashvalue] --- 
[2017-06-29 06:43:53] [   ERROR] [matchinghashvalue] --- IOError : Permission denied. / No such file or directory.
[2017-06-29 06:43:53] [   ERROR] [matchinghashvalue] --- 
[2017-06-29 06:43:53] [   ERROR] [matchinghashvalue] --- IOError : Permission denied. / No such file or directory.
[2017-06-29 06:43:53] [   ERROR] [matchinghashvalue] --- 
[2017-06-29 06:43:53] [   ERROR] [matchinghashvalue] --- IOError : Permission denied. / No such file or directory.
[2017-06-29 06:43:53] [   ERROR] [matchinghashvalue] --- 
[2017-06-29 15:27:31] [    INFO] [logger          ] --- 
[2017-06-29 15:27:31] [    INFO] [logger          ] --- Start to log-record in 'D:\PythonEnv\project.example\FoxVc-Test\log\20170629_FoxVc.log'
[2017-06-29 15:28:58] [    INFO] [logger          ] --- 
[2017-06-29 15:28:58] [    INFO] [logger          ] --- Start to log-record in 'D:\PythonEnv\project.example\FoxVc-Test\log\20170629_FoxVc.log'
[2017-06-29 15:29:18] [    INFO] [logger          ] --- 
[2017-06-29 15:29:18] [    INFO] [logger          ] --- Start to log-record in 'D:\PythonEnv\project.example\FoxVc-Test\log\20170629_FoxVc.log'
[2017-06-29 15:29:27] [    INFO] [logger          ] --- 
[2017-06-29 15:29:27] [    INFO] [logger          ] --- Start to log-record in 'D:\PythonEnv\project.example\FoxVc-Test\log\20170629_FoxVc.log'
[2017-06-29 16:00:01] [    INFO] [logger          ] --- 
[2017-06-29 16:00:01] [    INFO] [logger          ] --- Start to log-record in 'D:\PythonEnv\project.example\FoxVc-Test\log\20170629_FoxVc.log'
[2017-06-29 16:00:22] [    INFO] [logger          ] --- 
[2017-06-29 16:00:22] [    INFO] [logger          ] --- Start to log-record in 'D:\PythonEnv\project.example\FoxVc-Test\log\20170629_FoxVc.log'
[2017-06-29 16:01:46] [    INFO] [logger          ] --- 
[2017-06-29 16:01:46] [    INFO] [logger          ] --- Start to log-record in 'D:\PythonEnv\project.example\FoxVc-Test\log\20170629_FoxVc.log'
[2017-06-29 16:01:54] [    INFO] [FoxVc Ver 1.2.4 ] --- Ready for Scan Drive : E:\bak
[2017-06-29 16:02:00] [    INFO] [FoxVc Ver 1.2.4 ] --- Cannot detect Virus !
[2017-06-29 16:02:54] [    INFO] [logger          ] --- 
[2017-06-29 16:02:54] [    INFO] [logger          ] --- Start to log-record in 'D:\PythonEnv\project.example\FoxVc-Test\log\20170629_FoxVc.log'
[2017-06-29 16:02:58] [    INFO] [FoxVc Ver 1.2.4 ] --- Ready for Scan Drive : E:\bak
[2017-06-29 16:03:00] [    INFO] [FoxVc Ver 1.2.4 ] --- Cannot detect Virus !
